This file contains any messages produced by compilers while
running configure, to aid debugging if configure makes a mistake.

It was created by ccid configure 1.4.31, which was
generated by GNU Autoconf 2.69.  Invocation command line was

  $ ./configure 

## --------- ##
## Platform. ##
## --------- ##

hostname = raspberrypi
uname -m = armv7l
uname -r = 4.19.97-v7+
uname -s = Linux
uname -v = #1294 SMP Thu Jan 30 13:15:58 GMT 2020

/usr/bin/uname -p = unknown
/bin/uname -X     = unknown

/bin/arch              = unknown
/usr/bin/arch -k       = unknown
/usr/convex/getsysinfo = unknown
/usr/bin/hostinfo      = unknown
/bin/machine           = unknown
/usr/bin/oslevel       = unknown
/bin/universe          = unknown

PATH: /usr/local/sbin
PATH: /usr/local/bin
PATH: /usr/sbin
PATH: /usr/bin
PATH: /sbin
PATH: /bin
PATH: /usr/local/games
PATH: /usr/games


## ----------- ##
## Core tests. ##
## ----------- ##

configure:2405: checking for a BSD-compatible install
configure:2473: result: /usr/bin/install -c
configure:2484: checking whether build environment is sane
configure:2539: result: yes
configure:2688: checking for a thread-safe mkdir -p
configure:2727: result: /bin/mkdir -p
configure:2734: checking for gawk
configure:2764: result: no
configure:2734: checking for mawk
configure:2750: found /usr/bin/mawk
configure:2761: result: mawk
configure:2772: checking whether make sets $(MAKE)
configure:2794: result: yes
configure:2823: checking whether make supports nested variables
configure:2840: result: yes
configure:2980: checking whether make supports nested variables
configure:2997: result: yes
configure:3017: checking build system type
configure:3031: result: armv7l-unknown-linux-gnueabihf
configure:3051: checking host system type
configure:3064: result: armv7l-unknown-linux-gnueabihf
configure:3091: checking whether to enable maintainer-specific portions of Makefiles
configure:3100: result: no
configure:3163: checking for gcc
configure:3179: found /usr/bin/gcc
configure:3190: result: gcc
configure:3419: checking for C compiler version
configure:3428: gcc --version >&5
gcc (Raspbian 8.3.0-6+rpi1) 8.3.0
Copyright (C) 2018 Free Software Foundation, Inc.
This is free software; see the source for copying conditions.  There is NO
warranty; not even for MERCHANTABILITY or FITNESS FOR A PARTICULAR PURPOSE.

configure:3439: $? = 0
configure:3428: gcc -v >&5
Using built-in specs.
COLLECT_GCC=gcc
COLLECT_LTO_WRAPPER=/usr/lib/gcc/arm-linux-gnueabihf/8/lto-wrapper
Target: arm-linux-gnueabihf
Configured with: ../src/configure -v --with-pkgversion='Raspbian 8.3.0-6+rpi1' --with-bugurl=file:///usr/share/doc/gcc-8/README.Bugs --enable-languages=c,ada,c++,go,d,fortran,objc,obj-c++ --prefix=/usr --with-gcc-major-version-only --program-suffix=-8 --program-prefix=arm-linux-gnueabihf- --enable-shared --enable-linker-build-id --libexecdir=/usr/lib --without-included-gettext --enable-threads=posix --libdir=/usr/lib --enable-nls --enable-bootstrap --enable-clocale=gnu --enable-libstdcxx-debug --enable-libstdcxx-time=yes --with-default-libstdcxx-abi=new --enable-gnu-unique-object --disable-libitm --disable-libquadmath --disable-libquadmath-support --enable-plugin --with-system-zlib --with-target-system-zlib --enable-objc-gc=auto --enable-multiarch --disable-sjlj-exceptions --with-arch=armv6 --with-fpu=vfp --with-float=hard --disable-werror --enable-checking=release --build=arm-linux-gnueabihf --host=arm-linux-gnueabihf --target=arm-linux-gnueabihf
Thread model: posix
gcc version 8.3.0 (Raspbian 8.3.0-6+rpi1) 
configure:3439: $? = 0
configure:3428: gcc -V >&5
gcc: error: unrecognized command line option '-V'
gcc: fatal error: no input files
compilation terminated.
configure:3439: $? = 1
configure:3428: gcc -qversion >&5
gcc: error: unrecognized command line option '-qversion'; did you mean '--version'?
gcc: fatal error: no input files
compilation terminated.
configure:3439: $? = 1
configure:3459: checking whether the C compiler works
configure:3481: gcc    conftest.c  >&5
configure:3485: $? = 0
configure:3533: result: yes
configure:3536: checking for C compiler default output file name
configure:3538: result: a.out
configure:3544: checking for suffix of executables
configure:3551: gcc -o conftest    conftest.c  >&5
configure:3555: $? = 0
configure:3577: result: 
configure:3599: checking whether we are cross compiling
configure:3607: gcc -o conftest    conftest.c  >&5
configure:3611: $? = 0
configure:3618: ./conftest
configure:3622: $? = 0
configure:3610: result: no
configure:3615: checking for suffix of object files
configure:3637: gcc -c   conftest.c >&5
configure:3641: $? = 0
configure:3662: result: o
configure:3666: checking whether we are using the GNU C compiler
configure:3685: gcc -c   conftest.c >&5
configure:3685: $? = 0
configure:3694: result: yes
configure:3703: checking whether gcc accepts -g
configure:3723: gcc -c -g  conftest.c >&5
configure:3723: $? = 0
configure:3764: result: yes
configure:3781: checking for gcc option to accept ISO C89
configure:3844: gcc  -c -g -O2  conftest.c >&5
configure:3844: $? = 0
configure:3857: result: none needed
configure:3882: checking whether gcc understands -c and -o together
configure:3904: gcc -c conftest.c -o conftest2.o
configure:3907: $? = 0
configure:3904: gcc -c conftest.c -o conftest2.o
configure:3907: $? = 0
configure:3919: result: yes
configure:3939: checking whether make supports the include directive
configure:3954: make -f confmf.GNU && cat confinc.out
this is the am__doit target
configure:3957: $? = 0
configure:3976: result: yes (GNU style)
configure:4001: checking dependency style of gcc
configure:4112: result: gcc3
configure:4133: checking how to run the C preprocessor
configure:4164: gcc -E  conftest.c
configure:4164: $? = 0
configure:4178: gcc -E  conftest.c
conftest.c:11:10: fatal error: ac_nonexistent.h: No such file or directory
 #include <ac_nonexistent.h>
          ^~~~~~~~~~~~~~~~~~
compilation terminated.
configure:4178: $? = 1
configure: failed program was:
| /* confdefs.h */
| #define PACKAGE_NAME "ccid"
| #define PACKAGE_TARNAME "ccid"
| #define PACKAGE_VERSION "1.4.31"
| #define PACKAGE_STRING "ccid 1.4.31"
| #define PACKAGE_BUGREPORT ""
| #define PACKAGE_URL ""
| #define PACKAGE "ccid"
| #define VERSION "1.4.31"
| /* end confdefs.h.  */
| #include <ac_nonexistent.h>
configure:4203: result: gcc -E
configure:4223: gcc -E  conftest.c
configure:4223: $? = 0
configure:4237: gcc -E  conftest.c
conftest.c:11:10: fatal error: ac_nonexistent.h: No such file or directory
 #include <ac_nonexistent.h>
          ^~~~~~~~~~~~~~~~~~
compilation terminated.
configure:4237: $? = 1
configure: failed program was:
| /* confdefs.h */
| #define PACKAGE_NAME "ccid"
| #define PACKAGE_TARNAME "ccid"
| #define PACKAGE_VERSION "1.4.31"
| #define PACKAGE_STRING "ccid 1.4.31"
| #define PACKAGE_BUGREPORT ""
| #define PACKAGE_URL ""
| #define PACKAGE "ccid"
| #define VERSION "1.4.31"
| /* end confdefs.h.  */
| #include <ac_nonexistent.h>
configure:4266: checking whether make sets $(MAKE)
configure:4288: result: yes
configure:4297: checking whether ln -s works
configure:4301: result: yes
configure:4313: checking for flex
configure:4343: result: no
configure:4313: checking for lex
configure:4343: result: no
configure:4520: checking for ar
configure:4536: found /usr/bin/ar
configure:4547: result: ar
configure:4573: checking the archiver (ar) interface
configure:4589: gcc -c -g -O2  conftest.c >&5
configure:4589: $? = 0
configure:4591: ar cru libconftest.a conftest.o >&5
ar: `u' modifier ignored since `D' is the default (see `U')
configure:4594: $? = 0
configure:4593: result: ar
configure:4667: checking for pkg-config
configure:4685: found /usr/bin/pkg-config
configure:4697: result: /usr/bin/pkg-config
configure:4722: checking pkg-config is at least version 0.9.0
configure:4725: result: yes
configure:4737: $PKG_CONFIG --exists --print-errors "libpcsclite"
configure:4740: $? = 0
configure:4744: checking for PCSC
configure:4751: $PKG_CONFIG --exists --print-errors "libpcsclite >= $PCSC_NEEDED_VERSION"
configure:4754: $? = 0
configure:4768: $PKG_CONFIG --exists --print-errors "libpcsclite >= $PCSC_NEEDED_VERSION"
configure:4771: $? = 0
configure:4823: result: yes
configure:4837: checking for grep that handles long lines and -e
configure:4895: result: /bin/grep
configure:4900: checking for egrep
configure:4962: result: /bin/grep -E
configure:4967: checking for ANSI C header files
configure:4987: gcc -c -g -O2  -pthread -I/usr/include/PCSC conftest.c >&5
configure:4987: $? = 0
configure:5060: gcc -o conftest -g -O2  -pthread -I/usr/include/PCSC  conftest.c  >&5
configure:5060: $? = 0
configure:5060: ./conftest
configure:5060: $? = 0
configure:5071: result: yes
configure:5084: checking for sys/types.h
configure:5084: gcc -c -g -O2  -pthread -I/usr/include/PCSC conftest.c >&5
configure:5084: $? = 0
configure:5084: result: yes
configure:5084: checking for sys/stat.h
configure:5084: gcc -c -g -O2  -pthread -I/usr/include/PCSC conftest.c >&5
configure:5084: $? = 0
configure:5084: result: yes
configure:5084: checking for stdlib.h
configure:5084: gcc -c -g -O2  -pthread -I/usr/include/PCSC conftest.c >&5
configure:5084: $? = 0
configure:5084: result: yes
configure:5084: checking for string.h
configure:5084: gcc -c -g -O2  -pthread -I/usr/include/PCSC conftest.c >&5
configure:5084: $? = 0
configure:5084: result: yes
configure:5084: checking for memory.h
configure:5084: gcc -c -g -O2  -pthread -I/usr/include/PCSC conftest.c >&5
configure:5084: $? = 0
configure:5084: result: yes
configure:5084: checking for strings.h
configure:5084: gcc -c -g -O2  -pthread -I/usr/include/PCSC conftest.c >&5
configure:5084: $? = 0
configure:5084: result: yes
configure:5084: checking for inttypes.h
configure:5084: gcc -c -g -O2  -pthread -I/usr/include/PCSC conftest.c >&5
configure:5084: $? = 0
configure:5084: result: yes
configure:5084: checking for stdint.h
configure:5084: gcc -c -g -O2  -pthread -I/usr/include/PCSC conftest.c >&5
configure:5084: $? = 0
configure:5084: result: yes
configure:5084: checking for unistd.h
configure:5084: gcc -c -g -O2  -pthread -I/usr/include/PCSC conftest.c >&5
configure:5084: $? = 0
configure:5084: result: yes
configure:5096: checking ifdhandler.h usability
configure:5096: gcc -c -g -O2  -pthread -I/usr/include/PCSC conftest.c >&5
configure:5096: $? = 0
configure:5096: result: yes
configure:5096: checking ifdhandler.h presence
configure:5096: gcc -E  -pthread -I/usr/include/PCSC conftest.c
configure:5096: $? = 0
configure:5096: result: yes
configure:5096: checking for ifdhandler.h
configure:5096: result: yes
configure:5104: checking reader.h usability
configure:5104: gcc -c -g -O2  -pthread -I/usr/include/PCSC conftest.c >&5
configure:5104: $? = 0
configure:5104: result: yes
configure:5104: checking reader.h presence
configure:5104: gcc -E  -pthread -I/usr/include/PCSC conftest.c
configure:5104: $? = 0
configure:5104: result: yes
configure:5104: checking for reader.h
configure:5104: result: yes
configure:5162: checking how to print strings
configure:5189: result: printf
configure:5210: checking for a sed that does not truncate output
configure:5274: result: /bin/sed
configure:5292: checking for fgrep
configure:5354: result: /bin/grep -F
configure:5389: checking for ld used by gcc
configure:5456: result: /usr/bin/ld
configure:5463: checking if the linker (/usr/bin/ld) is GNU ld
configure:5478: result: yes
configure:5490: checking for BSD- or MS-compatible name lister (nm)
configure:5544: result: /usr/bin/nm -B
configure:5674: checking the name lister (/usr/bin/nm -B) interface
configure:5681: gcc -c -g -O2  conftest.c >&5
configure:5684: /usr/bin/nm -B "conftest.o"
configure:5687: output
00000000 B some_variable
configure:5688: result: BSD nm
configure:5692: checking the maximum length of command line arguments
configure:5823: result: 1572864
configure:5871: checking how to convert armv7l-unknown-linux-gnueabihf file names to armv7l-unknown-linux-gnueabihf format
configure:5911: result: func_convert_file_noop
configure:5918: checking how to convert armv7l-unknown-linux-gnueabihf file names to toolchain format
configure:5938: result: func_convert_file_noop
configure:5945: checking for /usr/bin/ld option to reload object files
configure:5952: result: -r
configure:6026: checking for objdump
configure:6042: found /usr/bin/objdump
configure:6053: result: objdump
configure:6085: checking how to recognize dependent libraries
configure:6285: result: pass_all
configure:6370: checking for dlltool
configure:6400: result: no
configure:6430: checking how to associate runtime and link libraries
configure:6457: result: printf %s\n
configure:6581: checking for archiver @FILE support
configure:6598: gcc -c -g -O2  conftest.c >&5
configure:6598: $? = 0
configure:6601: ar cru libconftest.a @conftest.lst >&5
ar: `u' modifier ignored since `D' is the default (see `U')
configure:6604: $? = 0
configure:6609: ar cru libconftest.a @conftest.lst >&5
ar: `u' modifier ignored since `D' is the default (see `U')
ar: conftest.o: No such file or directory
configure:6612: $? = 1
configure:6611: result: @
configure:6669: checking for strip
configure:6685: found /usr/bin/strip
configure:6696: result: strip
configure:6768: checking for ranlib
configure:6784: found /usr/bin/ranlib
configure:6795: result: ranlib
configure:6897: checking command to parse /usr/bin/nm -B output from gcc object
configure:7050: gcc -c -g -O2  conftest.c >&5
configure:7053: $? = 0
configure:7057: /usr/bin/nm -B conftest.o | sed -n -e 's/^.*[	 ]\([ABCDGIRSTW][ABCDGIRSTW]*\)[	 ][	 ]*\([_A-Za-z][_A-Za-z0-9]*\)$/\1 \2 \2/p' | sed '/ __gnu_lto/d' > conftest.nm
configure:7123: gcc -o conftest -g -O2   conftest.c conftstm.o >&5
configure:7126: $? = 0
configure:7164: result: ok
configure:7211: checking for sysroot
configure:7241: result: no
configure:7248: checking for a working dd
configure:7286: result: /bin/dd
configure:7290: checking how to truncate binary pipes
configure:7305: result: /bin/dd bs=4096 count=1
configure:7634: checking for mt
configure:7650: found /bin/mt
configure:7661: result: mt
configure:7684: checking if mt is a manifest tool
configure:7690: mt '-?'
configure:7698: result: no
configure:8372: checking for dlfcn.h
configure:8372: gcc -c -g -O2  conftest.c >&5
configure:8372: $? = 0
configure:8372: result: yes
configure:8627: checking for objdir
configure:8642: result: .libs
configure:8906: checking if gcc supports -fno-rtti -fno-exceptions
configure:8924: gcc -c -g -O2  -fno-rtti -fno-exceptions conftest.c >&5
cc1: warning: command line option '-fno-rtti' is valid for C++/ObjC++ but not for C
configure:8928: $? = 0
configure:8941: result: no
configure:9299: checking for gcc option to produce PIC
configure:9306: result: -fPIC -DPIC
configure:9314: checking if gcc PIC flag -fPIC -DPIC works
configure:9332: gcc -c -g -O2  -fPIC -DPIC -DPIC conftest.c >&5
configure:9336: $? = 0
configure:9349: result: yes
configure:9378: checking if gcc static flag -static works
configure:9406: result: yes
configure:9421: checking if gcc supports -c -o file.o
configure:9442: gcc -c -g -O2  -o out/conftest2.o conftest.c >&5
configure:9446: $? = 0
configure:9468: result: yes
configure:9476: checking if gcc supports -c -o file.o
configure:9523: result: yes
configure:9556: checking whether the gcc linker (/usr/bin/ld) supports shared libraries
configure:10819: result: yes
configure:10856: checking whether -lc should be explicitly linked in
configure:10864: gcc -c -g -O2  conftest.c >&5
configure:10867: $? = 0
configure:10882: gcc -shared  -fPIC -DPIC conftest.o  -v -Wl,-soname -Wl,conftest -o conftest 2\>\&1 \| /bin/grep  -lc  \>/dev/null 2\>\&1
configure:10885: $? = 0
configure:10899: result: no
configure:11059: checking dynamic linker characteristics
configure:11640: gcc -o conftest -g -O2   -Wl,-rpath -Wl,/foo conftest.c  >&5
configure:11640: $? = 0
configure:11889: result: GNU/Linux ld.so
configure:12011: checking how to hardcode library paths into programs
configure:12036: result: immediate
configure:12584: checking whether stripping libraries is possible
configure:12589: result: yes
configure:12624: checking if libtool supports shared libraries
configure:12626: result: yes
configure:12629: checking whether to build shared libraries
configure:12654: result: yes
configure:12657: checking whether to build static libraries
configure:12661: result: no
configure:9480: checking for ANSI C header files
configure:9584: result: yes
configure:9595: checking errno.h usability
configure:9595: gcc -c -g -O2  conftest.c >&5
configure:9595: $? = 0
configure:9595: result: yes
configure:9595: checking errno.h presence
configure:9595: gcc -E  conftest.c
configure:9595: $? = 0
configure:9595: result: yes
configure:9595: checking for errno.h
configure:9595: result: yes
configure:9595: checking fcntl.h usability
configure:9595: gcc -c -g -O2  conftest.c >&5
configure:9595: $? = 0
configure:9595: result: yes
configure:9595: checking fcntl.h presence
configure:9595: gcc -E  conftest.c
configure:9595: $? = 0
configure:9595: result: yes
configure:9595: checking for fcntl.h
configure:9595: result: yes
configure:9595: checking for stdlib.h
configure:9595: result: yes
configure:9595: checking for unistd.h
configure:9595: result: yes
configure:9595: checking termios.h usability
configure:9595: gcc -c -g -O2  conftest.c >&5
configure:9595: $? = 0
configure:9595: result: yes
configure:9595: checking termios.h presence
configure:9595: gcc -E  conftest.c
configure:9595: $? = 0
configure:9595: result: yes
configure:9595: checking for termios.h
configure:9595: result: yes
configure:9595: checking for string.h
configure:9595: result: yes
configure:9595: checking sys/time.h usability
configure:9595: gcc -c -g -O2  conftest.c >&5
configure:9595: $? = 0
configure:9595: result: yes
configure:9595: checking sys/time.h presence
configure:9595: gcc -E  conftest.c
configure:9595: $? = 0
configure:9595: result: yes
configure:9595: checking for sys/time.h
configure:9595: result: yes
configure:9595: checking for sys/types.h
configure:9595: result: yes
configure:9595: checking stdarg.h usability
configure:9595: gcc -c -g -O2  conftest.c >&5
configure:9595: $? = 0
configure:9595: result: yes
configure:9595: checking stdarg.h presence
configure:9595: gcc -E  conftest.c
configure:9595: $? = 0
configure:9595: result: yes
configure:9595: checking for stdarg.h
configure:9595: result: yes
configure:9595: checking arpa/inet.h usability
configure:9595: gcc -c -g -O2  conftest.c >&5
configure:9595: $? = 0
configure:9595: result: yes
configure:9595: checking arpa/inet.h presence
configure:9595: gcc -E  conftest.c
configure:9595: $? = 0
configure:9595: result: yes
configure:9595: checking for arpa/inet.h
configure:9595: result: yes
configure:9595: checking stdio.h usability
configure:9595: gcc -c -g -O2  conftest.c >&5
configure:9595: $? = 0
configure:9595: result: yes
configure:9595: checking stdio.h presence
configure:9595: gcc -E  conftest.c
configure:9595: $? = 0
configure:9595: result: yes
configure:9595: checking for stdio.h
configure:9595: result: yes
configure:9609: checking for an ANSI C-conforming const
configure:9675: gcc -c -g -O2  conftest.c >&5
configure:9675: $? = 0
configure:9682: result: yes
configure:9690: checking for size_t
configure:9690: gcc -c -g -O2  conftest.c >&5
configure:9690: $? = 0
configure:9690: gcc -c -g -O2  conftest.c >&5
conftest.c: In function 'main':
conftest.c:71:21: error: expected expression before ')' token
 if (sizeof ((size_t)))
                     ^
configure:9690: $? = 1
configure: failed program was:
| /* confdefs.h */
| #define PACKAGE_NAME "ccid"
| #define PACKAGE_TARNAME "ccid"
| #define PACKAGE_VERSION "1.4.31"
| #define PACKAGE_STRING "ccid 1.4.31"
| #define PACKAGE_BUGREPORT ""
| #define PACKAGE_URL ""
| #define PACKAGE "ccid"
| #define VERSION "1.4.31"
| #define STDC_HEADERS 1
| #define HAVE_SYS_TYPES_H 1
| #define HAVE_SYS_STAT_H 1
| #define HAVE_STDLIB_H 1
| #define HAVE_STRING_H 1
| #define HAVE_MEMORY_H 1
| #define HAVE_STRINGS_H 1
| #define HAVE_INTTYPES_H 1
| #define HAVE_STDINT_H 1
| #define HAVE_UNISTD_H 1
| #define HAVE_DLFCN_H 1
| #define LT_OBJDIR ".libs/"
| #define STDC_HEADERS 1
| #define HAVE_ERRNO_H 1
| #define HAVE_FCNTL_H 1
| #define HAVE_STDLIB_H 1
| #define HAVE_UNISTD_H 1
| #define HAVE_TERMIOS_H 1
| #define HAVE_STRING_H 1
| #define HAVE_SYS_TIME_H 1
| #define HAVE_SYS_TYPES_H 1
| #define HAVE_STDARG_H 1
| #define HAVE_ARPA_INET_H 1
| #define HAVE_STDIO_H 1
| /* end confdefs.h.  */
| #include <stdio.h>
| #ifdef HAVE_SYS_TYPES_H
| # include <sys/types.h>
| #endif
| #ifdef HAVE_SYS_STAT_H
| # include <sys/stat.h>
| #endif
| #ifdef STDC_HEADERS
| # include <stdlib.h>
| # include <stddef.h>
| #else
| # ifdef HAVE_STDLIB_H
| #  include <stdlib.h>
| # endif
| #endif
| #ifdef HAVE_STRING_H
| # if !defined STDC_HEADERS && defined HAVE_MEMORY_H
| #  include <memory.h>
| # endif
| # include <string.h>
| #endif
| #ifdef HAVE_STRINGS_H
| # include <strings.h>
| #endif
| #ifdef HAVE_INTTYPES_H
| # include <inttypes.h>
| #endif
| #ifdef HAVE_STDINT_H
| # include <stdint.h>
| #endif
| #ifdef HAVE_UNISTD_H
| # include <unistd.h>
| #endif
| int
| main ()
| {
| if (sizeof ((size_t)))
| 	    return 0;
|   ;
|   return 0;
| }
configure:9690: result: yes
configure:9701: checking whether time.h and sys/time.h may both be included
configure:9721: gcc -c -g -O2  conftest.c >&5
configure:9721: $? = 0
configure:9728: result: yes
configure:9741: checking for select
configure:9741: gcc -o conftest -g -O2   conftest.c  >&5
configure:9741: $? = 0
configure:9741: result: yes
configure:9741: checking for strerror
configure:9741: gcc -o conftest -g -O2   conftest.c  >&5
configure:9741: $? = 0
configure:9741: result: yes
configure:9741: checking for strncpy
configure:9741: gcc -o conftest -g -O2   conftest.c  >&5
conftest.c:61:6: warning: conflicting types for built-in function 'strncpy' [-Wbuiltin-declaration-mismatch]
 char strncpy ();
      ^~~~~~~
configure:9741: $? = 0
configure:9741: result: yes
configure:9741: checking for memcpy
configure:9741: gcc -o conftest -g -O2   conftest.c  >&5
conftest.c:62:6: warning: conflicting types for built-in function 'memcpy' [-Wbuiltin-declaration-mismatch]
 char memcpy ();
      ^~~~~~
configure:9741: $? = 0
configure:9741: result: yes
configure:9741: checking for strlcpy
configure:9741: gcc -o conftest -g -O2   conftest.c  >&5
/usr/bin/ld: /tmp/ccop5PFI.o: in function `main':
/home/pi/ccid-1.4.31/conftest.c:74: undefined reference to `strlcpy'
collect2: error: ld returned 1 exit status
configure:9741: $? = 1
configure: failed program was:
| /* confdefs.h */
| #define PACKAGE_NAME "ccid"
| #define PACKAGE_TARNAME "ccid"
| #define PACKAGE_VERSION "1.4.31"
| #define PACKAGE_STRING "ccid 1.4.31"
| #define PACKAGE_BUGREPORT ""
| #define PACKAGE_URL ""
| #define PACKAGE "ccid"
| #define VERSION "1.4.31"
| #define STDC_HEADERS 1
| #define HAVE_SYS_TYPES_H 1
| #define HAVE_SYS_STAT_H 1
| #define HAVE_STDLIB_H 1
| #define HAVE_STRING_H 1
| #define HAVE_MEMORY_H 1
| #define HAVE_STRINGS_H 1
| #define HAVE_INTTYPES_H 1
| #define HAVE_STDINT_H 1
| #define HAVE_UNISTD_H 1
| #define HAVE_DLFCN_H 1
| #define LT_OBJDIR ".libs/"
| #define STDC_HEADERS 1
| #define HAVE_ERRNO_H 1
| #define HAVE_FCNTL_H 1
| #define HAVE_STDLIB_H 1
| #define HAVE_UNISTD_H 1
| #define HAVE_TERMIOS_H 1
| #define HAVE_STRING_H 1
| #define HAVE_SYS_TIME_H 1
| #define HAVE_SYS_TYPES_H 1
| #define HAVE_STDARG_H 1
| #define HAVE_ARPA_INET_H 1
| #define HAVE_STDIO_H 1
| #define TIME_WITH_SYS_TIME 1
| #define HAVE_SELECT 1
| #define HAVE_STRERROR 1
| #define HAVE_STRNCPY 1
| #define HAVE_MEMCPY 1
| /* end confdefs.h.  */
| /* Define strlcpy to an innocuous variant, in case <limits.h> declares strlcpy.
|    For example, HP-UX 11i <limits.h> declares gettimeofday.  */
| #define strlcpy innocuous_strlcpy
| 
| /* System header to define __stub macros and hopefully few prototypes,
|     which can conflict with char strlcpy (); below.
|     Prefer <limits.h> to <assert.h> if __STDC__ is defined, since
|     <limits.h> exists even on freestanding compilers.  */
| 
| #ifdef __STDC__
| # include <limits.h>
| #else
| # include <assert.h>
| #endif
| 
| #undef strlcpy
| 
| /* Override any GCC internal prototype to avoid an error.
|    Use char because int might match the return type of a GCC
|    builtin and then its argument prototype would still apply.  */
| #ifdef __cplusplus
| extern "C"
| #endif
| char strlcpy ();
| /* The GNU C library defines this for functions which it implements
|     to always fail with ENOSYS.  Some functions are actually named
|     something starting with __ and the normal name is an alias.  */
| #if defined __stub_strlcpy || defined __stub___strlcpy
| choke me
| #endif
| 
| int
| main ()
| {
| return strlcpy ();
|   ;
|   return 0;
| }
configure:9741: result: no
configure:9741: checking for strlcat
configure:9741: gcc -o conftest -g -O2   conftest.c  >&5
/usr/bin/ld: /tmp/ccAwCv8V.o: in function `main':
/home/pi/ccid-1.4.31/conftest.c:74: undefined reference to `strlcat'
collect2: error: ld returned 1 exit status
configure:9741: $? = 1
configure: failed program was:
| /* confdefs.h */
| #define PACKAGE_NAME "ccid"
| #define PACKAGE_TARNAME "ccid"
| #define PACKAGE_VERSION "1.4.31"
| #define PACKAGE_STRING "ccid 1.4.31"
| #define PACKAGE_BUGREPORT ""
| #define PACKAGE_URL ""
| #define PACKAGE "ccid"
| #define VERSION "1.4.31"
| #define STDC_HEADERS 1
| #define HAVE_SYS_TYPES_H 1
| #define HAVE_SYS_STAT_H 1
| #define HAVE_STDLIB_H 1
| #define HAVE_STRING_H 1
| #define HAVE_MEMORY_H 1
| #define HAVE_STRINGS_H 1
| #define HAVE_INTTYPES_H 1
| #define HAVE_STDINT_H 1
| #define HAVE_UNISTD_H 1
| #define HAVE_DLFCN_H 1
| #define LT_OBJDIR ".libs/"
| #define STDC_HEADERS 1
| #define HAVE_ERRNO_H 1
| #define HAVE_FCNTL_H 1
| #define HAVE_STDLIB_H 1
| #define HAVE_UNISTD_H 1
| #define HAVE_TERMIOS_H 1
| #define HAVE_STRING_H 1
| #define HAVE_SYS_TIME_H 1
| #define HAVE_SYS_TYPES_H 1
| #define HAVE_STDARG_H 1
| #define HAVE_ARPA_INET_H 1
| #define HAVE_STDIO_H 1
| #define TIME_WITH_SYS_TIME 1
| #define HAVE_SELECT 1
| #define HAVE_STRERROR 1
| #define HAVE_STRNCPY 1
| #define HAVE_MEMCPY 1
| /* end confdefs.h.  */
| /* Define strlcat to an innocuous variant, in case <limits.h> declares strlcat.
|    For example, HP-UX 11i <limits.h> declares gettimeofday.  */
| #define strlcat innocuous_strlcat
| 
| /* System header to define __stub macros and hopefully few prototypes,
|     which can conflict with char strlcat (); below.
|     Prefer <limits.h> to <assert.h> if __STDC__ is defined, since
|     <limits.h> exists even on freestanding compilers.  */
| 
| #ifdef __STDC__
| # include <limits.h>
| #else
| # include <assert.h>
| #endif
| 
| #undef strlcat
| 
| /* Override any GCC internal prototype to avoid an error.
|    Use char because int might match the return type of a GCC
|    builtin and then its argument prototype would still apply.  */
| #ifdef __cplusplus
| extern "C"
| #endif
| char strlcat ();
| /* The GNU C library defines this for functions which it implements
|     to always fail with ENOSYS.  Some functions are actually named
|     something starting with __ and the normal name is an alias.  */
| #if defined __stub_strlcat || defined __stub___strlcat
| choke me
| #endif
| 
| int
| main ()
| {
| return strlcat ();
|   ;
|   return 0;
| }
configure:9741: result: no
configure:9779: $PKG_CONFIG --exists --print-errors "libusb-1.0"
configure:9782: $? = 0
configure:9787: checking for LIBUSB
configure:9794: $PKG_CONFIG --exists --print-errors "libusb-1.0 >= $LIBUSB_NEEDED_VERSION"
configure:9797: $? = 0
configure:9811: $PKG_CONFIG --exists --print-errors "libusb-1.0 >= $LIBUSB_NEEDED_VERSION"
configure:9814: $? = 0
configure:10040: result: yes
configure:10055: checking libusb.h usability
configure:10055: gcc -c -g -O2  -I/usr/include/libusb-1.0 conftest.c >&5
configure:10055: $? = 0
configure:10055: result: yes
configure:10055: checking libusb.h presence
configure:10055: gcc -E  -I/usr/include/libusb-1.0 conftest.c
configure:10055: $? = 0
configure:10055: result: yes
configure:10055: checking for libusb.h
configure:10055: result: yes
configure:10068: checking for libusb_init
configure:10088: gcc -o conftest -g -O2  -I/usr/include/libusb-1.0  conftest.c  -lusb-1.0 >&5
configure:10088: $? = 0
configure:10089: result: yes
configure:10130: checking for -fvisibility=hidden
configure:10136: gcc -c -g -O2 -fvisibility=hidden  conftest.c >&5
configure:10136: $? = 0
configure:10137: result: yes
configure:10326: checking for the pthreads library -lpthreads
configure:10364: gcc -o conftest -g -O2    conftest.c -lpthreads  >&5
/usr/bin/ld: cannot find -lpthreads
collect2: error: ld returned 1 exit status
configure:10364: $? = 1
configure: failed program was:
| /* confdefs.h */
| #define PACKAGE_NAME "ccid"
| #define PACKAGE_TARNAME "ccid"
| #define PACKAGE_VERSION "1.4.31"
| #define PACKAGE_STRING "ccid 1.4.31"
| #define PACKAGE_BUGREPORT ""
| #define PACKAGE_URL ""
| #define PACKAGE "ccid"
| #define VERSION "1.4.31"
| #define STDC_HEADERS 1
| #define HAVE_SYS_TYPES_H 1
| #define HAVE_SYS_STAT_H 1
| #define HAVE_STDLIB_H 1
| #define HAVE_STRING_H 1
| #define HAVE_MEMORY_H 1
| #define HAVE_STRINGS_H 1
| #define HAVE_INTTYPES_H 1
| #define HAVE_STDINT_H 1
| #define HAVE_UNISTD_H 1
| #define HAVE_DLFCN_H 1
| #define LT_OBJDIR ".libs/"
| #define STDC_HEADERS 1
| #define HAVE_ERRNO_H 1
| #define HAVE_FCNTL_H 1
| #define HAVE_STDLIB_H 1
| #define HAVE_UNISTD_H 1
| #define HAVE_TERMIOS_H 1
| #define HAVE_STRING_H 1
| #define HAVE_SYS_TIME_H 1
| #define HAVE_SYS_TYPES_H 1
| #define HAVE_STDARG_H 1
| #define HAVE_ARPA_INET_H 1
| #define HAVE_STDIO_H 1
| #define TIME_WITH_SYS_TIME 1
| #define HAVE_SELECT 1
| #define HAVE_STRERROR 1
| #define HAVE_STRNCPY 1
| #define HAVE_MEMCPY 1
| #define HAVE_LIBUSB_H 1
| /* end confdefs.h.  */
| #include <pthread.h>
|                         static void routine(void *a) { a = 0; }
|                         static void *start_routine(void *a) { return a; }
| int
| main ()
| {
| pthread_t th; pthread_attr_t attr;
|                         pthread_create(&th, 0, start_routine, 0);
|                         pthread_join(th, 0);
|                         pthread_attr_init(&attr);
|                         pthread_cleanup_push(routine, 0);
|                         pthread_cleanup_pop(0) /* ; */
|   ;
|   return 0;
| }
configure:10373: result: no
configure:10271: checking whether pthreads work without any flags
configure:10364: gcc -o conftest -g -O2    conftest.c   >&5
/usr/bin/ld: /tmp/ccflDrUw.o: in function `main':
/home/pi/ccid-1.4.31/conftest.c:48: undefined reference to `pthread_create'
/usr/bin/ld: /home/pi/ccid-1.4.31/conftest.c:49: undefined reference to `pthread_join'
/usr/bin/ld: /home/pi/ccid-1.4.31/conftest.c:51: undefined reference to `__pthread_register_cancel'
/usr/bin/ld: /home/pi/ccid-1.4.31/conftest.c:52: undefined reference to `__pthread_unregister_cancel'
collect2: error: ld returned 1 exit status
configure:10364: $? = 1
configure: failed program was:
| /* confdefs.h */
| #define PACKAGE_NAME "ccid"
| #define PACKAGE_TARNAME "ccid"
| #define PACKAGE_VERSION "1.4.31"
| #define PACKAGE_STRING "ccid 1.4.31"
| #define PACKAGE_BUGREPORT ""
| #define PACKAGE_URL ""
| #define PACKAGE "ccid"
| #define VERSION "1.4.31"
| #define STDC_HEADERS 1
| #define HAVE_SYS_TYPES_H 1
| #define HAVE_SYS_STAT_H 1
| #define HAVE_STDLIB_H 1
| #define HAVE_STRING_H 1
| #define HAVE_MEMORY_H 1
| #define HAVE_STRINGS_H 1
| #define HAVE_INTTYPES_H 1
| #define HAVE_STDINT_H 1
| #define HAVE_UNISTD_H 1
| #define HAVE_DLFCN_H 1
| #define LT_OBJDIR ".libs/"
| #define STDC_HEADERS 1
| #define HAVE_ERRNO_H 1
| #define HAVE_FCNTL_H 1
| #define HAVE_STDLIB_H 1
| #define HAVE_UNISTD_H 1
| #define HAVE_TERMIOS_H 1
| #define HAVE_STRING_H 1
| #define HAVE_SYS_TIME_H 1
| #define HAVE_SYS_TYPES_H 1
| #define HAVE_STDARG_H 1
| #define HAVE_ARPA_INET_H 1
| #define HAVE_STDIO_H 1
| #define TIME_WITH_SYS_TIME 1
| #define HAVE_SELECT 1
| #define HAVE_STRERROR 1
| #define HAVE_STRNCPY 1
| #define HAVE_MEMCPY 1
| #define HAVE_LIBUSB_H 1
| /* end confdefs.h.  */
| #include <pthread.h>
|                         static void routine(void *a) { a = 0; }
|                         static void *start_routine(void *a) { return a; }
| int
| main ()
| {
| pthread_t th; pthread_attr_t attr;
|                         pthread_create(&th, 0, start_routine, 0);
|                         pthread_join(th, 0);
|                         pthread_attr_init(&attr);
|                         pthread_cleanup_push(routine, 0);
|                         pthread_cleanup_pop(0) /* ; */
|   ;
|   return 0;
| }
configure:10373: result: no
configure:10276: checking whether pthreads work with -Kthread
configure:10364: gcc -o conftest -g -O2 -Kthread   conftest.c   >&5
gcc: error: unrecognized command line option '-Kthread'; did you mean '-pthread'?
configure:10364: $? = 1
configure: failed program was:
| /* confdefs.h */
| #define PACKAGE_NAME "ccid"
| #define PACKAGE_TARNAME "ccid"
| #define PACKAGE_VERSION "1.4.31"
| #define PACKAGE_STRING "ccid 1.4.31"
| #define PACKAGE_BUGREPORT ""
| #define PACKAGE_URL ""
| #define PACKAGE "ccid"
| #define VERSION "1.4.31"
| #define STDC_HEADERS 1
| #define HAVE_SYS_TYPES_H 1
| #define HAVE_SYS_STAT_H 1
| #define HAVE_STDLIB_H 1
| #define HAVE_STRING_H 1
| #define HAVE_MEMORY_H 1
| #define HAVE_STRINGS_H 1
| #define HAVE_INTTYPES_H 1
| #define HAVE_STDINT_H 1
| #define HAVE_UNISTD_H 1
| #define HAVE_DLFCN_H 1
| #define LT_OBJDIR ".libs/"
| #define STDC_HEADERS 1
| #define HAVE_ERRNO_H 1
| #define HAVE_FCNTL_H 1
| #define HAVE_STDLIB_H 1
| #define HAVE_UNISTD_H 1
| #define HAVE_TERMIOS_H 1
| #define HAVE_STRING_H 1
| #define HAVE_SYS_TIME_H 1
| #define HAVE_SYS_TYPES_H 1
| #define HAVE_STDARG_H 1
| #define HAVE_ARPA_INET_H 1
| #define HAVE_STDIO_H 1
| #define TIME_WITH_SYS_TIME 1
| #define HAVE_SELECT 1
| #define HAVE_STRERROR 1
| #define HAVE_STRNCPY 1
| #define HAVE_MEMCPY 1
| #define HAVE_LIBUSB_H 1
| /* end confdefs.h.  */
| #include <pthread.h>
|                         static void routine(void *a) { a = 0; }
|                         static void *start_routine(void *a) { return a; }
| int
| main ()
| {
| pthread_t th; pthread_attr_t attr;
|                         pthread_create(&th, 0, start_routine, 0);
|                         pthread_join(th, 0);
|                         pthread_attr_init(&attr);
|                         pthread_cleanup_push(routine, 0);
|                         pthread_cleanup_pop(0) /* ; */
|   ;
|   return 0;
| }
configure:10373: result: no
configure:10276: checking whether pthreads work with -kthread
configure:10364: gcc -o conftest -g -O2 -kthread   conftest.c   >&5
gcc: error: unrecognized command line option '-kthread'; did you mean '-pthread'?
configure:10364: $? = 1
configure: failed program was:
| /* confdefs.h */
| #define PACKAGE_NAME "ccid"
| #define PACKAGE_TARNAME "ccid"
| #define PACKAGE_VERSION "1.4.31"
| #define PACKAGE_STRING "ccid 1.4.31"
| #define PACKAGE_BUGREPORT ""
| #define PACKAGE_URL ""
| #define PACKAGE "ccid"
| #define VERSION "1.4.31"
| #define STDC_HEADERS 1
| #define HAVE_SYS_TYPES_H 1
| #define HAVE_SYS_STAT_H 1
| #define HAVE_STDLIB_H 1
| #define HAVE_STRING_H 1
| #define HAVE_MEMORY_H 1
| #define HAVE_STRINGS_H 1
| #define HAVE_INTTYPES_H 1
| #define HAVE_STDINT_H 1
| #define HAVE_UNISTD_H 1
| #define HAVE_DLFCN_H 1
| #define LT_OBJDIR ".libs/"
| #define STDC_HEADERS 1
| #define HAVE_ERRNO_H 1
| #define HAVE_FCNTL_H 1
| #define HAVE_STDLIB_H 1
| #define HAVE_UNISTD_H 1
| #define HAVE_TERMIOS_H 1
| #define HAVE_STRING_H 1
| #define HAVE_SYS_TIME_H 1
| #define HAVE_SYS_TYPES_H 1
| #define HAVE_STDARG_H 1
| #define HAVE_ARPA_INET_H 1
| #define HAVE_STDIO_H 1
| #define TIME_WITH_SYS_TIME 1
| #define HAVE_SELECT 1
| #define HAVE_STRERROR 1
| #define HAVE_STRNCPY 1
| #define HAVE_MEMCPY 1
| #define HAVE_LIBUSB_H 1
| /* end confdefs.h.  */
| #include <pthread.h>
|                         static void routine(void *a) { a = 0; }
|                         static void *start_routine(void *a) { return a; }
| int
| main ()
| {
| pthread_t th; pthread_attr_t attr;
|                         pthread_create(&th, 0, start_routine, 0);
|                         pthread_join(th, 0);
|                         pthread_attr_init(&attr);
|                         pthread_cleanup_push(routine, 0);
|                         pthread_cleanup_pop(0) /* ; */
|   ;
|   return 0;
| }
configure:10373: result: no
configure:10326: checking for the pthreads library -llthread
configure:10364: gcc -o conftest -g -O2    conftest.c -llthread  >&5
/usr/bin/ld: cannot find -llthread
collect2: error: ld returned 1 exit status
configure:10364: $? = 1
configure: failed program was:
| /* confdefs.h */
| #define PACKAGE_NAME "ccid"
| #define PACKAGE_TARNAME "ccid"
| #define PACKAGE_VERSION "1.4.31"
| #define PACKAGE_STRING "ccid 1.4.31"
| #define PACKAGE_BUGREPORT ""
| #define PACKAGE_URL ""
| #define PACKAGE "ccid"
| #define VERSION "1.4.31"
| #define STDC_HEADERS 1
| #define HAVE_SYS_TYPES_H 1
| #define HAVE_SYS_STAT_H 1
| #define HAVE_STDLIB_H 1
| #define HAVE_STRING_H 1
| #define HAVE_MEMORY_H 1
| #define HAVE_STRINGS_H 1
| #define HAVE_INTTYPES_H 1
| #define HAVE_STDINT_H 1
| #define HAVE_UNISTD_H 1
| #define HAVE_DLFCN_H 1
| #define LT_OBJDIR ".libs/"
| #define STDC_HEADERS 1
| #define HAVE_ERRNO_H 1
| #define HAVE_FCNTL_H 1
| #define HAVE_STDLIB_H 1
| #define HAVE_UNISTD_H 1
| #define HAVE_TERMIOS_H 1
| #define HAVE_STRING_H 1
| #define HAVE_SYS_TIME_H 1
| #define HAVE_SYS_TYPES_H 1
| #define HAVE_STDARG_H 1
| #define HAVE_ARPA_INET_H 1
| #define HAVE_STDIO_H 1
| #define TIME_WITH_SYS_TIME 1
| #define HAVE_SELECT 1
| #define HAVE_STRERROR 1
| #define HAVE_STRNCPY 1
| #define HAVE_MEMCPY 1
| #define HAVE_LIBUSB_H 1
| /* end confdefs.h.  */
| #include <pthread.h>
|                         static void routine(void *a) { a = 0; }
|                         static void *start_routine(void *a) { return a; }
| int
| main ()
| {
| pthread_t th; pthread_attr_t attr;
|                         pthread_create(&th, 0, start_routine, 0);
|                         pthread_join(th, 0);
|                         pthread_attr_init(&attr);
|                         pthread_cleanup_push(routine, 0);
|                         pthread_cleanup_pop(0) /* ; */
|   ;
|   return 0;
| }
configure:10373: result: no
configure:10276: checking whether pthreads work with -pthread
configure:10364: gcc -o conftest -g -O2 -pthread   conftest.c   >&5
configure:10364: $? = 0
configure:10373: result: yes
configure:10392: checking for joinable pthread attribute
configure:10407: gcc -o conftest -g -O2 -pthread   conftest.c   >&5
configure:10407: $? = 0
configure:10413: result: PTHREAD_CREATE_JOINABLE
configure:10423: checking if more special flags are required for pthreads
configure:10437: result: no
configure:10443: checking for PTHREAD_PRIO_INHERIT
configure:10461: gcc -o conftest -g -O2 -pthread   conftest.c   >&5
configure:10461: $? = 0
configure:10470: result: yes
configure:10652: checking for SCardEstablishContext
configure:10672: gcc -o conftest -g -O2 -pthread -I/usr/include/PCSC   conftest.c  -lpcsclite >&5
configure:10672: $? = 0
configure:10673: result: yes
configure:10961: checking that generated files are newer than configure
configure:10967: result: done
configure:11006: creating ./config.status

## ---------------------- ##
## Running config.status. ##
## ---------------------- ##

This file was extended by ccid config.status 1.4.31, which was
generated by GNU Autoconf 2.69.  Invocation command line was

  CONFIG_FILES    = 
  CONFIG_HEADERS  = 
  CONFIG_LINKS    = 
  CONFIG_COMMANDS = 
  $ ./config.status 

on raspberrypi

config.status:1143: creating Makefile
config.status:1143: creating src/Makefile
config.status:1143: creating readers/Makefile
config.status:1143: creating contrib/Makefile
config.status:1143: creating contrib/Kobil_mIDentity_switch/Makefile
config.status:1143: creating contrib/RSA_SecurID/Makefile
config.status:1143: creating examples/Makefile
config.status:1143: creating config.h
config.status:1324: config.h is unchanged
config.status:1372: executing depfiles commands
config.status:1449: cd src       && sed -e '/# am--include-marker/d' Makefile         | make -f - am--depfiles
make: Nothing to be done for 'am--depfiles'.
config.status:1454: $? = 0
config.status:1449: cd contrib/Kobil_mIDentity_switch       && sed -e '/# am--include-marker/d' Makefile         | make -f - am--depfiles
make: Nothing to be done for 'am--depfiles'.
config.status:1454: $? = 0
config.status:1449: cd contrib/RSA_SecurID       && sed -e '/# am--include-marker/d' Makefile         | make -f - am--depfiles
make: Nothing to be done for 'am--depfiles'.
config.status:1454: $? = 0
config.status:1449: cd examples       && sed -e '/# am--include-marker/d' Makefile         | make -f - am--depfiles
make: Nothing to be done for 'am--depfiles'.
config.status:1454: $? = 0
config.status:1372: executing libtool commands

## ---------------- ##
## Cache variables. ##
## ---------------- ##

ac_cv_build=armv7l-unknown-linux-gnueabihf
ac_cv_c_compiler_gnu=yes
ac_cv_c_const=yes
ac_cv_env_CC_set=
ac_cv_env_CC_value=
ac_cv_env_CFLAGS_set=
ac_cv_env_CFLAGS_value=
ac_cv_env_CPPFLAGS_set=
ac_cv_env_CPPFLAGS_value=
ac_cv_env_CPP_set=
ac_cv_env_CPP_value=
ac_cv_env_LDFLAGS_set=
ac_cv_env_LDFLAGS_value=
ac_cv_env_LIBS_set=
ac_cv_env_LIBS_value=
ac_cv_env_LIBUSB_CFLAGS_set=
ac_cv_env_LIBUSB_CFLAGS_value=
ac_cv_env_LIBUSB_LIBS_set=
ac_cv_env_LIBUSB_LIBS_value=
ac_cv_env_LT_SYS_LIBRARY_PATH_set=
ac_cv_env_LT_SYS_LIBRARY_PATH_value=
ac_cv_env_PCSC_CFLAGS_set=
ac_cv_env_PCSC_CFLAGS_value=
ac_cv_env_PCSC_LIBS_set=
ac_cv_env_PCSC_LIBS_value=
ac_cv_env_PKG_CONFIG_LIBDIR_set=
ac_cv_env_PKG_CONFIG_LIBDIR_value=
ac_cv_env_PKG_CONFIG_PATH_set=
ac_cv_env_PKG_CONFIG_PATH_value=
ac_cv_env_PKG_CONFIG_set=
ac_cv_env_PKG_CONFIG_value=
ac_cv_env_build_alias_set=
ac_cv_env_build_alias_value=
ac_cv_env_host_alias_set=
ac_cv_env_host_alias_value=
ac_cv_env_target_alias_set=
ac_cv_env_target_alias_value=
ac_cv_func_memcpy=yes
ac_cv_func_select=yes
ac_cv_func_strerror=yes
ac_cv_func_strlcat=no
ac_cv_func_strlcpy=no
ac_cv_func_strncpy=yes
ac_cv_header_arpa_inet_h=yes
ac_cv_header_dlfcn_h=yes
ac_cv_header_errno_h=yes
ac_cv_header_fcntl_h=yes
ac_cv_header_ifdhandler_h=yes
ac_cv_header_inttypes_h=yes
ac_cv_header_libusb_h=yes
ac_cv_header_memory_h=yes
ac_cv_header_reader_h=yes
ac_cv_header_stdarg_h=yes
ac_cv_header_stdc=yes
ac_cv_header_stdint_h=yes
ac_cv_header_stdio_h=yes
ac_cv_header_stdlib_h=yes
ac_cv_header_string_h=yes
ac_cv_header_strings_h=yes
ac_cv_header_sys_stat_h=yes
ac_cv_header_sys_time_h=yes
ac_cv_header_sys_types_h=yes
ac_cv_header_termios_h=yes
ac_cv_header_time=yes
ac_cv_header_unistd_h=yes
ac_cv_host=armv7l-unknown-linux-gnueabihf
ac_cv_objext=o
ac_cv_path_EGREP='/bin/grep -E'
ac_cv_path_FGREP='/bin/grep -F'
ac_cv_path_GREP=/bin/grep
ac_cv_path_SED=/bin/sed
ac_cv_path_ac_pt_PKG_CONFIG=/usr/bin/pkg-config
ac_cv_path_install='/usr/bin/install -c'
ac_cv_path_lt_DD=/bin/dd
ac_cv_path_mkdir=/bin/mkdir
ac_cv_prog_AWK=mawk
ac_cv_prog_CPP='gcc -E'
ac_cv_prog_ac_ct_AR=ar
ac_cv_prog_ac_ct_CC=gcc
ac_cv_prog_ac_ct_MANIFEST_TOOL=mt
ac_cv_prog_ac_ct_OBJDUMP=objdump
ac_cv_prog_ac_ct_RANLIB=ranlib
ac_cv_prog_ac_ct_STRIP=strip
ac_cv_prog_cc_c89=
ac_cv_prog_cc_g=yes
ac_cv_prog_make_make_set=yes
ac_cv_type_size_t=yes
am_cv_CC_dependencies_compiler_type=gcc3
am_cv_ar_interface=ar
am_cv_make_support_nested_variables=yes
am_cv_prog_cc_c_o=yes
ax_cv_PTHREAD_PRIO_INHERIT=yes
lt_cv_ar_at_file=@
lt_cv_archive_cmds_need_lc=no
lt_cv_deplibs_check_method=pass_all
lt_cv_file_magic_cmd='$MAGIC_CMD'
lt_cv_file_magic_test_file=
lt_cv_ld_reload_flag=-r
lt_cv_nm_interface='BSD nm'
lt_cv_objdir=.libs
lt_cv_path_LD=/usr/bin/ld
lt_cv_path_NM='/usr/bin/nm -B'
lt_cv_path_mainfest_tool=no
lt_cv_prog_compiler_c_o=yes
lt_cv_prog_compiler_pic='-fPIC -DPIC'
lt_cv_prog_compiler_pic_works=yes
lt_cv_prog_compiler_rtti_exceptions=no
lt_cv_prog_compiler_static_works=yes
lt_cv_prog_gnu_ld=yes
lt_cv_sharedlib_from_linklib_cmd='printf %s\n'
lt_cv_shlibpath_overrides_runpath=yes
lt_cv_sys_global_symbol_pipe='sed -n -e '\''s/^.*[	 ]\([ABCDGIRSTW][ABCDGIRSTW]*\)[	 ][	 ]*\([_A-Za-z][_A-Za-z0-9]*\)$/\1 \2 \2/p'\'' | sed '\''/ __gnu_lto/d'\'''
lt_cv_sys_global_symbol_to_c_name_address='sed -n -e '\''s/^: \(.*\) .*$/  {"\1", (void *) 0},/p'\'' -e '\''s/^[ABCDGIRSTW][ABCDGIRSTW]* .* \(.*\)$/  {"\1", (void *) \&\1},/p'\'''
lt_cv_sys_global_symbol_to_c_name_address_lib_prefix='sed -n -e '\''s/^: \(.*\) .*$/  {"\1", (void *) 0},/p'\'' -e '\''s/^[ABCDGIRSTW][ABCDGIRSTW]* .* \(lib.*\)$/  {"\1", (void *) \&\1},/p'\'' -e '\''s/^[ABCDGIRSTW][ABCDGIRSTW]* .* \(.*\)$/  {"lib\1", (void *) \&\1},/p'\'''
lt_cv_sys_global_symbol_to_cdecl='sed -n -e '\''s/^T .* \(.*\)$/extern int \1();/p'\'' -e '\''s/^[ABCDGIRSTW][ABCDGIRSTW]* .* \(.*\)$/extern char \1;/p'\'''
lt_cv_sys_global_symbol_to_import=
lt_cv_sys_max_cmd_len=1572864
lt_cv_to_host_file_cmd=func_convert_file_noop
lt_cv_to_tool_file_cmd=func_convert_file_noop
lt_cv_truncate_bin='/bin/dd bs=4096 count=1'
pkg_cv_LIBUSB_CFLAGS=-I/usr/include/libusb-1.0
pkg_cv_LIBUSB_LIBS=-lusb-1.0
pkg_cv_PCSC_CFLAGS='-pthread -I/usr/include/PCSC'
pkg_cv_PCSC_LIBS=-lpcsclite

## ----------------- ##
## Output variables. ##
## ----------------- ##

ACLOCAL='${SHELL} /home/pi/ccid-1.4.31/missing aclocal-1.16'
AMDEPBACKSLASH='\'
AMDEP_FALSE='#'
AMDEP_TRUE=''
AMTAR='$${TAR-tar}'
AM_BACKSLASH='\'
AM_DEFAULT_V='$(AM_DEFAULT_VERBOSITY)'
AM_DEFAULT_VERBOSITY='0'
AM_V='$(V)'
AR='ar'
AUTOCONF='${SHELL} /home/pi/ccid-1.4.31/missing autoconf'
AUTOHEADER='${SHELL} /home/pi/ccid-1.4.31/missing autoheader'
AUTOMAKE='${SHELL} /home/pi/ccid-1.4.31/missing automake-1.16'
AWK='mawk'
BUNDLE_HOST='Linux'
CC='gcc'
CCDEPMODE='depmode=gcc3'
CFLAGS='-g -O2'
CPP='gcc -E'
CPPFLAGS=''
CYGPATH_W='echo'
DEFS='-DHAVE_CONFIG_H'
DEPDIR='.deps'
DLLTOOL='false'
DSYMUTIL=''
DUMPBIN=''
DYN_LIB_EXT='so'
ECHO_C=''
ECHO_N='-n'
ECHO_T=''
EGREP='/bin/grep -E'
EXEEXT=''
FGREP='/bin/grep -F'
GREP='/bin/grep'
INSTALL_DATA='${INSTALL} -m 644'
INSTALL_PROGRAM='${INSTALL}'
INSTALL_SCRIPT='${INSTALL}'
INSTALL_STRIP_PROGRAM='$(install_sh) -c -s'
LD='/usr/bin/ld'
LDFLAGS=''
LEX='${SHELL} /home/pi/ccid-1.4.31/missing flex'
LEXLIB=''
LEX_OUTPUT_ROOT=''
LIBOBJS=''
LIBS=''
LIBTOOL='$(SHELL) $(top_builddir)/libtool'
LIBTOOL_DEPS='./ltmain.sh'
LIBUSB_CFLAGS='-I/usr/include/libusb-1.0'
LIBUSB_LIBS='-lusb-1.0'
LIPO=''
LN_S='ln -s'
LTLIBOBJS=''
LT_SYS_LIBRARY_PATH=''
MAINT='#'
MAINTAINER_MODE_FALSE=''
MAINTAINER_MODE_TRUE='#'
MAKEINFO='${SHELL} /home/pi/ccid-1.4.31/missing makeinfo'
MANIFEST_TOOL=':'
MKDIR_P='/bin/mkdir -p'
NM='/usr/bin/nm -B'
NMEDIT=''
NOCLASS=''
OBJDUMP='objdump'
OBJEXT='o'
OTOOL64=''
OTOOL=''
PACKAGE='ccid'
PACKAGE_BUGREPORT=''
PACKAGE_NAME='ccid'
PACKAGE_STRING='ccid 1.4.31'
PACKAGE_TARNAME='ccid'
PACKAGE_URL=''
PACKAGE_VERSION='1.4.31'
PATH_SEPARATOR=':'
PCSC_CFLAGS='-pthread -I/usr/include/PCSC'
PCSC_LIBS='-lpcsclite'
PKG_CONFIG='/usr/bin/pkg-config'
PKG_CONFIG_LIBDIR=''
PKG_CONFIG_PATH=''
PTHREAD_CC='gcc'
PTHREAD_CFLAGS='-pthread'
PTHREAD_LIBS=''
RANLIB='ranlib'
SED='/bin/sed'
SET_MAKE=''
SHELL='/bin/bash'
STRIP='strip'
SYMBOL_VISIBILITY='-fvisibility=hidden'
VERSION='1.4.31'
WITHOUT_PCSC_FALSE=''
WITHOUT_PCSC_TRUE='#'
WITH_LIBUSB_FALSE='#'
WITH_LIBUSB_TRUE=''
WITH_TWIN_SERIAL_FALSE=''
WITH_TWIN_SERIAL_TRUE='#'
ac_aux_dir='.'
ac_ct_AR='ar'
ac_ct_CC='gcc'
ac_ct_DUMPBIN=''
am__EXEEXT_FALSE=''
am__EXEEXT_TRUE='#'
am__fastdepCC_FALSE='#'
am__fastdepCC_TRUE=''
am__include='include'
am__isrc=''
am__leading_dot='.'
am__nodep='_no'
am__quote=''
am__tar='$${TAR-tar} chof - "$$tardir"'
am__untar='$${TAR-tar} xf -'
ax_pthread_config=''
bindir='${exec_prefix}/bin'
bindir_exp='/usr/local/bin'
build='armv7l-unknown-linux-gnueabihf'
build_alias=''
build_cpu='armv7l'
build_os='linux-gnueabihf'
build_vendor='unknown'
bundle='ifd-ccid.bundle'
ccidtwindir='/usr/lib/pcsc/drivers/serial'
datadir='${datarootdir}'
datarootdir='${prefix}/share'
docdir='${datarootdir}/doc/${PACKAGE_TARNAME}'
dvidir='${docdir}'
exec_prefix='${prefix}'
host='armv7l-unknown-linux-gnueabihf'
host_alias=''
host_cpu='armv7l'
host_os='linux-gnueabihf'
host_vendor='unknown'
htmldir='${docdir}'
includedir='${prefix}/include'
infodir='${datarootdir}/info'
install_sh='${SHELL} /home/pi/ccid-1.4.31/install-sh'
libdir='${exec_prefix}/lib'
libexecdir='${exec_prefix}/libexec'
localedir='${datarootdir}/locale'
localstatedir='${prefix}/var'
mandir='${datarootdir}/man'
mkdir_p='$(MKDIR_P)'
oldincludedir='/usr/include'
pdfdir='${docdir}'
prefix='/usr/local'
program_transform_name='s,x,x,'
psdir='${docdir}'
runstatedir='${localstatedir}/run'
sbindir='${exec_prefix}/sbin'
serialconfdir='/etc/reader.conf.d'
sharedstatedir='${prefix}/com'
sysconfdir='${prefix}/etc'
sysconfdir_exp='/usr/local/etc'
target_alias=''
usbdropdir='/usr/lib/pcsc/drivers'

## ----------- ##
## confdefs.h. ##
## ----------- ##

/* confdefs.h */
#define PACKAGE_NAME "ccid"
#define PACKAGE_TARNAME "ccid"
#define PACKAGE_VERSION "1.4.31"
#define PACKAGE_STRING "ccid 1.4.31"
#define PACKAGE_BUGREPORT ""
#define PACKAGE_URL ""
#define PACKAGE "ccid"
#define VERSION "1.4.31"
#define STDC_HEADERS 1
#define HAVE_SYS_TYPES_H 1
#define HAVE_SYS_STAT_H 1
#define HAVE_STDLIB_H 1
#define HAVE_STRING_H 1
#define HAVE_MEMORY_H 1
#define HAVE_STRINGS_H 1
#define HAVE_INTTYPES_H 1
#define HAVE_STDINT_H 1
#define HAVE_UNISTD_H 1
#define HAVE_DLFCN_H 1
#define LT_OBJDIR ".libs/"
#define STDC_HEADERS 1
#define HAVE_ERRNO_H 1
#define HAVE_FCNTL_H 1
#define HAVE_STDLIB_H 1
#define HAVE_UNISTD_H 1
#define HAVE_TERMIOS_H 1
#define HAVE_STRING_H 1
#define HAVE_SYS_TIME_H 1
#define HAVE_SYS_TYPES_H 1
#define HAVE_STDARG_H 1
#define HAVE_ARPA_INET_H 1
#define HAVE_STDIO_H 1
#define TIME_WITH_SYS_TIME 1
#define HAVE_SELECT 1
#define HAVE_STRERROR 1
#define HAVE_STRNCPY 1
#define HAVE_MEMCPY 1
#define HAVE_LIBUSB_H 1
#define HAVE_PTHREAD_PRIO_INHERIT 1
#define HAVE_PTHREAD 1
#define BUNDLE "ifd-ccid.bundle"
#define PCSCLITE_HP_DROPDIR "/usr/lib/pcsc/drivers"

configure: exit 0
